[    0.000000] Linux version 4.15.0-200-generic (buildd@lcy02-amd64-069) (gcc version 7.5.0 (Ubuntu 7.5.0-3ubuntu1~18.04)) #211-Ubuntu SMP Thu Nov 24 18:16:04 UTC 2022 (Ubuntu 4.15.0-200.211-generic 4.15.18)
[    0.000000] Command line: BOOT_IMAGE=/boot/vmlinuz-4.15.0-200-generic root=LABEL=cloudimg-rootfs ro console=tty1 console=ttyS0
[    0.000000] KERNEL supported cpus:
[    0.000000]   Intel GenuineIntel
[    0.000000]   AMD AuthenticAMD
[    0.000000]   Centaur CentaurHauls
[    0.000000] x86/fpu: Supporting XSAVE feature 0x001: 'x87 floating point registers'
[    0.000000] x86/fpu: Supporting XSAVE feature 0x002: 'SSE registers'
[    0.000000] x86/fpu: Supporting XSAVE feature 0x004: 'AVX registers'
[    0.000000] x86/fpu: xstate_offset[2]:  576, xstate_sizes[2]:  256
[    0.000000] x86/fpu: Enabled xstate features 0x7, context size is 832 bytes, using 'standard' format.
[    0.000000] e820: BIOS-provided physical RAM map:
[    0.000000] BIOS-e820: [mem 0x0000000000000000-0x000000000009fbff] usable
[    0.000000] BIOS-e820: [mem 0x000000000009fc00-0x000000000009ffff] reserved
[    0.000000] BIOS-e820: [mem 0x00000000000f0000-0x00000000000fffff] reserved
[    0.000000] BIOS-e820: [mem 0x0000000000100000-0x00000000dffeffff] usable
[    0.000000] BIOS-e820: [mem 0x00000000dfff0000-0x00000000dfffffff] ACPI data
[    0.000000] BIOS-e820: [mem 0x00000000fec00000-0x00000000fec00fff] reserved
[    0.000000] BIOS-e820: [mem 0x00000000fee00000-0x00000000fee00fff] reserved
[    0.000000] BIOS-e820: [mem 0x00000000fffc0000-0x00000000ffffffff] reserved
[    0.000000] BIOS-e820: [mem 0x0000000100000000-0x000000021fffffff] usable
[    0.000000] NX (Execute Disable) protection: active
[    0.000000] SMBIOS 2.5 present.
[    0.000000] DMI: innotek GmbH VirtualBox/VirtualBox, BIOS VirtualBox 12/01/2006
[    0.000000] Hypervisor detected: KVM
[    0.000000] e820: last_pfn = 0x220000 max_arch_pfn = 0x400000000
[    0.000000] MTRR: Disabled
[    0.000000] x86/PAT: MTRRs disabled, skipping PAT initialization too.
[    0.000000] CPU MTRRs all blank - virtualized system.
[    0.000000] x86/PAT: Configuration [0-7]: WB  WT  UC- UC  WB  WT  UC- UC  
[    0.000000] e820: last_pfn = 0xdfff0 max_arch_pfn = 0x400000000
[    0.000000] found SMP MP-table at [mem 0x0009fff0-0x0009ffff]
[    0.000000] Scanning 1 areas for low memory corruption
[    0.000000] RAMDISK: [mem 0x359c9000-0x36cdbfff]
[    0.000000] ACPI: Early table checksum verification disabled
[    0.000000] ACPI: RSDP 0x00000000000E0000 000024 (v02 VBOX  )
[    0.000000] ACPI: XSDT 0x00000000DFFF0030 00003C (v01 VBOX   VBOXXSDT 00000001 ASL  00000061)
[    0.000000] ACPI: FACP 0x00000000DFFF00F0 0000F4 (v04 VBOX   VBOXFACP 00000001 ASL  00000061)
[    0.000000] ACPI: DSDT 0x00000000DFFF0480 002325 (v02 VBOX   VBOXBIOS 00000002 INTL 20190509)
[    0.000000] ACPI: FACS 0x00000000DFFF0200 000040
[    0.000000] ACPI: FACS 0x00000000DFFF0200 000040
[    0.000000] ACPI: APIC 0x00000000DFFF0240 00006C (v02 VBOX   VBOXAPIC 00000001 ASL  00000061)
[    0.000000] ACPI: SSDT 0x00000000DFFF02B0 0001CC (v01 VBOX   VBOXCPUT 00000002 INTL 20190509)
[    0.000000] ACPI: Reserving FACP table memory at [mem 0xdfff00f0-0xdfff01e3]
[    0.000000] ACPI: Reserving DSDT table memory at [mem 0xdfff0480-0xdfff27a4]
[    0.000000] ACPI: Reserving FACS table memory at [mem 0xdfff0200-0xdfff023f]
[    0.000000] ACPI: Reserving FACS table memory at [mem 0xdfff0200-0xdfff023f]
[    0.000000] ACPI: Reserving APIC table memory at [mem 0xdfff0240-0xdfff02ab]
[    0.000000] ACPI: Reserving SSDT table memory at [mem 0xdfff02b0-0xdfff047b]
[    0.000000] No NUMA configuration found
[    0.000000] Faking a node at [mem 0x0000000000000000-0x000000021fffffff]
[    0.000000] NODE_DATA(0) allocated [mem 0x21ffd1000-0x21fffbfff]
[    0.000000] kvm-clock: cpu 0, msr 2:1ff50001, primary cpu clock
[    0.000000] kvm-clock: Using msrs 4b564d01 and 4b564d00
[    0.000000] kvm-clock: using sched offset of 3124684395 cycles
[    0.000000] clocksource: kvm-clock: mask: 0xffffffffffffffff max_cycles: 0x1cd42e4dffb, max_idle_ns: 881590591483 ns
[    0.000000] Zone ranges:
[    0.000000]   DMA      [mem 0x0000000000001000-0x0000000000ffffff]
[    0.000000]   DMA32    [mem 0x0000000001000000-0x00000000ffffffff]
[    0.000000]   Normal   [mem 0x0000000100000000-0x000000021fffffff]
[    0.000000]   Device   empty
[    0.000000] Movable zone start for each node
[    0.000000] Early memory node ranges
[    0.000000]   node   0: [mem 0x0000000000001000-0x000000000009efff]
[    0.000000]   node   0: [mem 0x0000000000100000-0x00000000dffeffff]
[    0.000000]   node   0: [mem 0x0000000100000000-0x000000021fffffff]
[    0.000000] Reserved but unavailable: 104 pages
[    0.000000] Initmem setup node 0 [mem 0x0000000000001000-0x000000021fffffff]
[    0.000000] ACPI: PM-Timer IO Port: 0x4008
[    0.000000] IOAPIC[0]: apic_id 4, version 32, address 0xfec00000, GSI 0-23
[    0.000000] ACPI: INT_SRC_OVR (bus 0 bus_irq 0 global_irq 2 dfl dfl)
[    0.000000] ACPI: INT_SRC_OVR (bus 0 bus_irq 9 global_irq 9 low level)
[    0.000000] Using ACPI (MADT) for SMP configuration information
[    0.000000] smpboot: Allowing 4 CPUs, 0 hotplug CPUs
[    0.000000] PM: Registered nosave memory: [mem 0x00000000-0x00000fff]
[    0.000000] PM: Registered nosave memory: [mem 0x0009f000-0x0009ffff]
[    0.000000] PM: Registered nosave memory: [mem 0x000a0000-0x000effff]
[    0.000000] PM: Registered nosave memory: [mem 0x000f0000-0x000fffff]
[    0.000000] PM: Registered nosave memory: [mem 0xdfff0000-0xdfffffff]
[    0.000000] PM: Registered nosave memory: [mem 0xe0000000-0xfebfffff]
[    0.000000] PM: Registered nosave memory: [mem 0xfec00000-0xfec00fff]
[    0.000000] PM: Registered nosave memory: [mem 0xfec01000-0xfedfffff]
[    0.000000] PM: Registered nosave memory: [mem 0xfee00000-0xfee00fff]
[    0.000000] PM: Registered nosave memory: [mem 0xfee01000-0xfffbffff]
[    0.000000] PM: Registered nosave memory: [mem 0xfffc0000-0xffffffff]
[    0.000000] e820: [mem 0xe0000000-0xfebfffff] available for PCI devices
[    0.000000] Booting paravirtualized kernel on KVM
[    0.000000] clocksource: refined-jiffies: mask: 0xffffffff max_cycles: 0xffffffff, max_idle_ns: 7645519600211568 ns
[    0.000000] setup_percpu: NR_CPUS:8192 nr_cpumask_bits:4 nr_cpu_ids:4 nr_node_ids:1
[    0.000000] percpu: Embedded 50 pages/cpu s167936 r8192 d28672 u524288
[    0.000000] PV qspinlock hash table entries: 256 (order: 0, 4096 bytes)
[    0.000000] Built 1 zonelists, mobility grouping on.  Total pages: 2064249
[    0.000000] Policy zone: Normal
[    0.000000] Kernel command line: BOOT_IMAGE=/boot/vmlinuz-4.15.0-200-generic root=LABEL=cloudimg-rootfs ro console=tty1 console=ttyS0
[    0.000000] Memory: 8141624K/8388152K available (12300K kernel code, 2477K rwdata, 4320K rodata, 2472K init, 2720K bss, 246528K reserved, 0K cma-reserved)
[    0.000000] SLUB: HWalign=64, Order=0-3, MinObjects=0, CPUs=4, Nodes=1
[    0.000000] Kernel/User page tables isolation: enabled
[    0.000000] ftrace: allocating 39478 entries in 155 pages
[    0.004000] Hierarchical RCU implementation.
[    0.004000] 	RCU restricting CPUs from NR_CPUS=8192 to nr_cpu_ids=4.
[    0.004000] 	Tasks RCU enabled.
[    0.004000] RCU: Adjusting geometry for rcu_fanout_leaf=16, nr_cpu_ids=4
[    0.004000] NR_IRQS: 524544, nr_irqs: 456, preallocated irqs: 16
[    0.004000] random: crng init done
[    0.004000] Console: colour VGA+ 80x25
[    0.004000] console [tty1] enabled
[    0.004000] console [ttyS0] enabled
[    0.004000] ACPI: Core revision 20170831
[    0.004000] ACPI: 2 ACPI AML tables successfully acquired and loaded
[    0.004000] APIC: Switch to symmetric I/O mode setup
[    0.004000] x2apic enabled
[    0.004000] Switched APIC routing to physical x2apic.
[    0.004000] ..TIMER: vector=0x30 apic1=0 pin1=2 apic2=-1 pin2=-1
[    0.004000] tsc: Detected 2904.006 MHz processor
[    0.004000] Calibrating delay loop (skipped) preset value.. 5808.01 BogoMIPS (lpj=11616024)
[    0.004003] pid_max: default: 32768 minimum: 301
[    0.004559] Security Framework initialized
[    0.005061] Yama: becoming mindful.
[    0.005492] AppArmor: AppArmor initialized
[    0.009012] Dentry cache hash table entries: 1048576 (order: 11, 8388608 bytes)
[    0.010828] Inode-cache hash table entries: 524288 (order: 10, 4194304 bytes)
[    0.011623] Mount-cache hash table entries: 16384 (order: 5, 131072 bytes)
[    0.012011] Mountpoint-cache hash table entries: 16384 (order: 5, 131072 bytes)
[    0.013056] Last level iTLB entries: 4KB 64, 2MB 8, 4MB 8
[    0.013667] Last level dTLB entries: 4KB 64, 2MB 0, 4MB 0, 1GB 4
[    0.014334] Spectre V1 : Mitigation: usercopy/swapgs barriers and __user pointer sanitization
[    0.015279] Spectre V2 : Mitigation: Retpolines
[    0.016001] Spectre V2 : Spectre v2 / SpectreRSB mitigation: Filling RSB on context switch
[    0.016974] Speculative Store Bypass: Vulnerable
[    0.017583] MDS: Mitigation: Clear CPU buffers
[    0.018091] MMIO Stale Data: Mitigation: Clear CPU buffers
[    0.018706] SRBDS: Unknown: Dependent on hypervisor status
[    0.019441] Freeing SMP alternatives memory: 36K
[    0.130130] smpboot: CPU0: Intel(R) Core(TM) i5-10400F CPU @ 2.90GHz (family: 0x6, model: 0xa5, stepping: 0x3)
[    0.131349] Performance Events: unsupported p6 CPU model 165 no PMU driver, software events only.
[    0.132000] Hierarchical SRCU implementation.
[    0.132000] NMI watchdog: Perf event create on CPU 0 failed with -2
[    0.132001] NMI watchdog: Perf NMI watchdog permanently disabled
[    0.132702] smp: Bringing up secondary CPUs ...
[    0.133273] x86: Booting SMP configuration:
[    0.133762] .... node  #0, CPUs:      #1
[    0.004000] kvm-clock: cpu 1, msr 2:1ff50041, secondary cpu clock
[    0.136055]  #2
[    0.004000] kvm-clock: cpu 2, msr 2:1ff50081, secondary cpu clock
[    0.140065]  #3
[    0.004000] kvm-clock: cpu 3, msr 2:1ff500c1, secondary cpu clock
[    0.142972] smp: Brought up 1 node, 4 CPUs
[    0.142972] smpboot: Max logical packages: 1
[    0.142972] smpboot: Total of 4 processors activated (23232.04 BogoMIPS)
[    0.144234] devtmpfs: initialized
[    0.144441] x86/mm: Memory block size: 128MB
[    0.148395] evm: security.selinux
[    0.148806] evm: security.SMACK64
[    0.149210] evm: security.SMACK64EXEC
[    0.149695] evm: security.SMACK64TRANSMUTE
[    0.150200] evm: security.SMACK64MMAP
[    0.150649] evm: security.apparmor
[    0.151060] evm: security.ima
[    0.151426] evm: security.capability
[    0.152011] clocksource: jiffies: mask: 0xffffffff max_cycles: 0xffffffff, max_idle_ns: 7645041785100000 ns
[    0.153116] futex hash table entries: 1024 (order: 4, 65536 bytes)
[    0.153896] pinctrl core: initialized pinctrl subsystem
[    0.154605] RTC time: 12:55:39, date: 01/19/23
[    0.155314] NET: Registered protocol family 16
[    0.155888] audit: initializing netlink subsys (disabled)
[    0.156017] audit: type=2000 audit(1674132944.246:1): state=initialized audit_enabled=0 res=1
[    0.157020] cpuidle: using governor ladder
[    0.157020] cpuidle: using governor menu
[    0.157041] ACPI: bus type PCI registered
[    0.157516] acpiphp: ACPI Hot Plug PCI Controller Driver version: 0.5
[    0.160059] PCI: Using configuration type 1 for base access
[    0.160767] HugeTLB registered 2.00 MiB page size, pre-allocated 0 pages
[    0.160792] ACPI: Added _OSI(Module Device)
[    0.160792] ACPI: Added _OSI(Processor Device)
[    0.164002] ACPI: Added _OSI(3.0 _SCP Extensions)
[    0.164565] ACPI: Added _OSI(Processor Aggregator Device)
[    0.165170] ACPI: Added _OSI(Linux-Dell-Video)
[    0.165772] ACPI: Added _OSI(Linux-Lenovo-NV-HDMI-Audio)
[    0.166411] ACPI: Added _OSI(Linux-HPI-Hybrid-Graphics)
[    0.167184] ACPI: Executed 1 blocks of module-level executable AML code
[    0.170252] ACPI: Interpreter enabled
[    0.170713] ACPI: (supports S0 S5)
[    0.171122] ACPI: Using IOAPIC for interrupt routing
[    0.171870] PCI: Using host bridge windows from ACPI; if necessary, use "pci=nocrs" and report a bug
[    0.172135] ACPI: Enabled 2 GPEs in block 00 to 07
[    0.177473] ACPI: PCI Root Bridge [PCI0] (domain 0000 [bus 00-ff])
[    0.180005] acpi PNP0A03:00: _OSC: OS supports [ASPM ClockPM Segments MSI]
[    0.181147] acpi PNP0A03:00: _OSC: not requesting OS control; OS requires [ExtendedConfig ASPM ClockPM MSI]
[    0.182283] acpi PNP0A03:00: fail to add MMCONFIG information, can't access extended PCI configuration space under this bridge.
[    0.184082] PCI host bridge to bus 0000:00
[    0.184586] pci_bus 0000:00: root bus resource [io  0x0000-0x0cf7 window]
[    0.185353] pci_bus 0000:00: root bus resource [io  0x0d00-0xffff window]
[    0.186162] pci_bus 0000:00: root bus resource [mem 0x000a0000-0x000bffff window]
[    0.187057] pci_bus 0000:00: root bus resource [mem 0xe0000000-0xfdffffff window]
[    0.187904] pci_bus 0000:00: root bus resource [bus 00-ff]
[    0.189291] pci 0000:00:01.1: legacy IDE quirk: reg 0x10: [io  0x01f0-0x01f7]
[    0.190142] pci 0000:00:01.1: legacy IDE quirk: reg 0x14: [io  0x03f6]
[    0.190878] pci 0000:00:01.1: legacy IDE quirk: reg 0x18: [io  0x0170-0x0177]
[    0.192002] pci 0000:00:01.1: legacy IDE quirk: reg 0x1c: [io  0x0376]
[    0.252505] pci 0000:00:07.0: quirk: [io  0x4000-0x403f] claimed by PIIX4 ACPI
[    0.253449] pci 0000:00:07.0: quirk: [io  0x4100-0x410f] claimed by PIIX4 SMB
[    0.289267] ACPI: PCI Interrupt Link [LNKA] (IRQs 5 9 10 *11)
[    0.292140] ACPI: PCI Interrupt Link [LNKB] (IRQs 5 9 *10 11)
[    0.292883] ACPI: PCI Interrupt Link [LNKC] (IRQs 5 *9 10 11)
[    0.293689] ACPI: PCI Interrupt Link [LNKD] (IRQs 5 9 10 *11)
[    0.294638] SCSI subsystem initialized
[    0.295131] pci 0000:00:02.0: vgaarb: setting as boot VGA device
[    0.295131] pci 0000:00:02.0: vgaarb: VGA device added: decodes=io+mem,owns=io+mem,locks=none
[    0.296007] pci 0000:00:02.0: vgaarb: bridge control possible
[    0.296686] vgaarb: loaded
[    0.297057] ACPI: bus type USB registered
[    0.297577] usbcore: registered new interface driver usbfs
[    0.298216] usbcore: registered new interface driver hub
[    0.298832] usbcore: registered new device driver usb
[    0.300044] EDAC MC: Ver: 3.0.0
[    0.300564] PCI: Using ACPI for IRQ routing
[    0.300746] NetLabel: Initializing
[    0.301171] NetLabel:  domain hash size = 128
[    0.301701] NetLabel:  protocols = UNLABELED CIPSOv4 CALIPSO
[    0.302365] NetLabel:  unlabeled traffic allowed by default
[    0.304105] clocksource: Switched to clocksource kvm-clock
[    0.312729] VFS: Disk quotas dquot_6.6.0
[    0.313238] VFS: Dquot-cache hash table entries: 512 (order 0, 4096 bytes)
[    0.314085] AppArmor: AppArmor Filesystem Enabled
[    0.314662] pnp: PnP ACPI init
[    0.315723] pnp: PnP ACPI: found 3 devices
[    0.324189] clocksource: acpi_pm: mask: 0xffffff max_cycles: 0xffffff, max_idle_ns: 2085701024 ns
[    0.325252] NET: Registered protocol family 2
[    0.326253] IP idents hash table entries: 131072 (order: 8, 1048576 bytes)
[    0.327629] TCP established hash table entries: 65536 (order: 7, 524288 bytes)
[    0.329028] TCP bind hash table entries: 65536 (order: 8, 1048576 bytes)
[    0.329863] TCP: Hash tables configured (established 65536 bind 65536)
[    0.330627] UDP hash table entries: 4096 (order: 5, 131072 bytes)
[    0.331334] UDP-Lite hash table entries: 4096 (order: 5, 131072 bytes)
[    0.332118] NET: Registered protocol family 1
[    0.332647] pci 0000:00:00.0: Limiting direct PCI/PCI transfers
[    0.333346] pci 0000:00:01.0: Activating ISA DMA hang workarounds
[    0.334076] pci 0000:00:02.0: Video device with shadowed ROM at [mem 0x000c0000-0x000dffff]
[    0.335101] Unpacking initramfs...
[    0.550430] Freeing initrd memory: 19532K
[    0.551044] PCI-DMA: Using software bounce buffering for IO (SWIOTLB)
[    0.551780] software IO TLB: mapped [mem 0xdbff0000-0xdfff0000] (64MB)
[    0.552612] clocksource: tsc: mask: 0xffffffffffffffff max_cycles: 0x29dc0b74fd3, max_idle_ns: 440795242287 ns
[    0.553778] platform rtc_cmos: registered platform RTC device (no PNP device found)
[    0.554661] Scanning for low memory corruption every 60 seconds
[    0.555797] Initialise system trusted keyrings
[    0.556350] Key type blacklist registered
[    0.556876] workingset: timestamp_bits=36 max_order=21 bucket_order=0
[    0.558266] zbud: loaded
[    0.558944] squashfs: version 4.0 (2009/01/31) Phillip Lougher
[    0.559786] fuse init (API version 7.26)
[    0.561974] Key type asymmetric registered
[    0.562471] Asymmetric key parser 'x509' registered
[    0.563063] Block layer SCSI generic (bsg) driver version 0.4 loaded (major 246)
[    0.563962] io scheduler noop registered
[    0.564467] io scheduler deadline registered
[    0.564999] io scheduler cfq registered (default)
[    0.565835] ACPI: AC Adapter [AC] (on-line)
[    0.566370] input: Power Button as /devices/LNXSYSTM:00/LNXPWRBN:00/input/input0
[    0.567260] ACPI: Power Button [PWRF]
[    0.567746] input: Sleep Button as /devices/LNXSYSTM:00/LNXSLPBN:00/input/input1
[    0.568639] ACPI: Sleep Button [SLPF]
[    0.569803] Serial: 8250/16550 driver, 32 ports, IRQ sharing enabled
[    0.590929] 00:02: ttyS0 at I/O 0x3f8 (irq = 4, base_baud = 115200) is a 16550A
[    0.593845] Linux agpgart interface v0.103
[    0.595614] loop: module loaded
[    0.596417] scsi host0: ata_piix
[    0.597063] scsi host1: ata_piix
[    0.597490] ata1: PATA max UDMA/33 cmd 0x1f0 ctl 0x3f6 bmdma 0xd000 irq 14
[    0.598273] ata2: PATA max UDMA/33 cmd 0x170 ctl 0x376 bmdma 0xd008 irq 15
[    0.599087] tun: Universal TUN/TAP device driver, 1.6
[    0.599775] PPP generic driver version 2.4.2
[    0.600387] ehci_hcd: USB 2.0 'Enhanced' Host Controller (EHCI) Driver
[    0.601170] ehci-pci: EHCI PCI platform driver
[    0.601694] ehci-platform: EHCI generic platform driver
[    0.602320] ohci_hcd: USB 1.1 'Open' Host Controller (OHCI) Driver
[    0.603036] ohci-pci: OHCI PCI platform driver
[    0.603551] ohci-platform: OHCI generic platform driver
[    0.604196] uhci_hcd: USB Universal Host Controller Interface driver
[    0.604965] i8042: PNP: PS/2 Controller [PNP0303:PS2K,PNP0f03:PS2M] at 0x60,0x64 irq 1,12
[    0.606265] serio: i8042 KBD port at 0x60,0x64 irq 1
[    0.606850] serio: i8042 AUX port at 0x60,0x64 irq 12
[    0.607534] mousedev: PS/2 mouse device common for all mice
[    0.609062] input: AT Translated Set 2 keyboard as /devices/platform/i8042/serio0/input/input2
[    0.609087] rtc_cmos rtc_cmos: rtc core: registered rtc_cmos as rtc0
[    0.610833] rtc_cmos rtc_cmos: alarms up to one day, 114 bytes nvram
[    0.611571] i2c /dev entries driver
[    0.612047] device-mapper: uevent: version 1.0.3
[    0.612685] device-mapper: ioctl: 4.37.0-ioctl (2017-09-20) initialised: dm-devel@redhat.com
[    0.614032] ledtrig-cpu: registered to indicate activity on CPUs
[    0.615237] NET: Registered protocol family 10
[    0.618238] Segment Routing with IPv6
[    0.618710] NET: Registered protocol family 17
[    0.619281] Key type dns_resolver registered
[    0.620106] mce: Using 0 MCE banks
[    0.620543] RAS: Correctable Errors collector initialized.
[    0.621209] sched_clock: Marking stable (620083318, 0)->(810570304, -190486986)
[    0.622487] registered taskstats version 1
[    0.622992] Loading compiled-in X.509 certificates
[    0.625083] Loaded X.509 cert 'Build time autogenerated kernel key: 29e5beaa583364da097e68c9386761f80dbce7ef'
[    0.626569] Loaded X.509 cert 'Canonical Ltd. Live Patch Signing: 14df34d1a87cf37625abec039ef2bf521249b969'
[    0.628035] Loaded X.509 cert 'Canonical Ltd. Kernel Module Signing: 88f752e560a1e0737e31163a466ad7b70a850c19'
[    0.629241] blacklist: Loading compiled-in revocation X.509 certificates
[    0.629996] Loaded X.509 cert 'Canonical Ltd. Secure Boot Signing: 61482aa2830d0ab2ad5af10b7250da9033ddcef0'
[    0.631103] zswap: loaded using pool lzo/zbud
[    0.633913] Key type big_key registered
[    0.634384] Key type trusted registered
[    0.635887] Key type encrypted registered
[    0.636407] AppArmor: AppArmor sha1 policy hashing enabled
[    0.637064] ima: No TPM chip found, activating TPM-bypass! (rc=-19)
[    0.637769] ima: Allocated hash algorithm: sha1
[    0.638305] evm: HMAC attrs: 0x1
[    0.638864]   Magic number: 7:559:936
[    0.639430] rtc_cmos rtc_cmos: setting system clock to 2023-01-19 12:55:39 UTC (1674132939)
[    0.640573] BIOS EDD facility v0.16 2004-Jun-25, 0 devices found
[    0.641297] EDD information not available.
[    0.792950] Freeing unused kernel image memory: 2472K
[    0.804189] Write protecting the kernel read-only data: 20480k
[    0.809153] Freeing unused kernel image memory: 2008K
[    0.811403] Freeing unused kernel image memory: 1824K
[    0.818199] x86/mm: Checked W+X mappings: passed, no W+X pages found.
[    0.818962] x86/mm: Checking user space page tables
[    0.825474] x86/mm: Checked W+X mappings: passed, no W+X pages found.
Loading, please wait...
starting version 237
[    0.870180] e1000: Intel(R) PRO/1000 Network Driver - version 7.3.21-k8-NAPI
[    0.871073] e1000: Copyright (c) 1999-2006 Intel Corporation.
[    0.873510] Fusion MPT base driver 3.04.20
[    0.874018] Copyright (c) 1999-2008 LSI Corporation
[    0.876921] Fusion MPT SPI Host driver 3.04.20
[    1.086517] input: ImExPS/2 Generic Explorer Mouse as /devices/platform/i8042/serio1/input/input4
[    1.921480] e1000 0000:00:03.0 eth0: (PCI:33MHz:32-bit) 02:40:49:ac:f0:20
[    1.922351] e1000 0000:00:03.0 eth0: Intel(R) PRO/1000 Network Connection
[    2.594016] e1000 0000:00:08.0 eth1: (PCI:33MHz:32-bit) 08:00:27:9c:f8:2a
[    2.597721] e1000 0000:00:08.0 eth1: Intel(R) PRO/1000 Network Connection
[    2.600939] mptbase: ioc0: Initiating bringup
[    2.601007] e1000 0000:00:03.0 enp0s3: renamed from eth0
[    2.653289] e1000 0000:00:08.0 enp0s8: renamed from eth1
[    2.720416] ioc0: LSI53C1030 A0: Capabilities={Initiator}
[    2.971183] scsi host2: ioc0: LSI53C1030 A0, FwRev=00000000h, Ports=1, MaxQ=256, IRQ=20
[    3.145744] scsi 2:0:0:0: Direct-Access     VBOX     HARDDISK         1.0  PQ: 0 ANSI: 5
[    4.008113] scsi target2:0:0: Beginning Domain Validation
[    4.017171] scsi target2:0:0: Domain Validation skipping write tests
[    4.021155] scsi target2:0:0: Ending Domain Validation
[    4.022457] scsi target2:0:0: asynchronous
[    4.023485] scsi 2:0:1:0: Direct-Access     VBOX     HARDDISK         1.0  PQ: 0 ANSI: 5
[    4.164067] scsi target2:0:1: Beginning Domain Validation
[    4.166000] scsi target2:0:1: Domain Validation skipping write tests
[    4.166747] scsi target2:0:1: Ending Domain Validation
[    4.167389] scsi target2:0:1: asynchronous
[    4.170034] sd 2:0:0:0: Attached scsi generic sg0 type 0
[    4.170166] sd 2:0:0:0: [sda] 83886080 512-byte logical blocks: (42.9 GB/40.0 GiB)
[    4.170805] sd 2:0:1:0: Attached scsi generic sg1 type 0
[    4.170996] sd 2:0:1:0: [sdb] 20480 512-byte logical blocks: (10.5 MB/10.0 MiB)
[    4.171040] sd 2:0:1:0: [sdb] Write Protect is off
[    4.171127] sd 2:0:1:0: [sdb] Incomplete mode parameter data
[    4.171128] sd 2:0:1:0: [sdb] Assuming drive cache: write through
[    4.171942] sd 2:0:0:0: [sda] Write Protect is off
[    4.174452] sd 2:0:1:0: [sdb] Attached SCSI disk
[    4.178793] sd 2:0:0:0: [sda] Incomplete mode parameter data
[    4.179474] sd 2:0:0:0: [sda] Assuming drive cache: write through
[    4.181182]  sda: sda1
[    4.182016] sd 2:0:0:0: [sda] Attached SCSI disk
Begin: Loading essential drivers ... [    5.900114] raid6: sse2x1   gen() 14214 MB/s
[    5.948101] raid6: sse2x1   xor()  8307 MB/s
[    5.996110] raid6: sse2x2   gen() 16364 MB/s
[    6.044112] raid6: sse2x2   xor() 11188 MB/s
[    6.092097] raid6: sse2x4   gen() 18590 MB/s
[    6.140104] raid6: sse2x4   xor() 10868 MB/s
[    6.188112] raid6: avx2x1   gen() 28334 MB/s
[    6.236066] raid6: avx2x1   xor() 15780 MB/s
[    6.284104] raid6: avx2x2   gen() 32809 MB/s
[    6.332110] raid6: avx2x2   xor() 21489 MB/s
[    6.380095] raid6: avx2x4   gen() 36491 MB/s
[    6.428104] raid6: avx2x4   xor() 21096 MB/s
[    6.428654] raid6: using algorithm avx2x4 gen() 36491 MB/s
[    6.429327] raid6: .... xor() 21096 MB/s, rmw enabled
[    6.429912] raid6: using avx2x2 recovery algorithm
[    6.431390] xor: automatically using best checksumming function   avx       
[    6.433283] async_tx: api initialized (async)
done.
Begin: Running /scripts/init-premount ... done.
Begin: Mounting root file system ... Begin: Running /scripts/local-top ... done.
Begin: Running /scripts/local-premount ... [    6.467564] Btrfs loaded, crc32c=crc32c-intel
Scanning for Btrfs filesystems
done.
Warning: fsck not present, so skipping root file system
[    6.490977] EXT4-fs (sda1): mounted filesystem with ordered data mode. Opts: (null)
done.
Begin: Running /scripts/local-bottom ... done.
Begin: Running /scripts/init-bottom ... done.
[    6.702054] ip_tables: (C) 2000-2006 Netfilter Core Team
[    6.709906] systemd[1]: systemd 237 running in system mode. (+PAM +AUDIT +SELINUX +IMA +APPARMOR +SMACK +SYSVINIT +UTMP +LIBCRYPTSETUP +GCRYPT +GNUTLS +ACL +XZ +LZ4 +SECCOMP +BLKID +ELFUTILS +KMOD -IDN2 +IDN -PCRE2 default-hierarchy=hybrid)
[    6.712313] systemd[1]: Detected virtualization oracle.
[    6.713009] systemd[1]: Detected architecture x86-64.

Welcome to [1mUbuntu 18.04.6 LTS[0m!

[    6.717765] systemd[1]: Set hostname to <ubuntu>.
[    6.721900] systemd[1]: Initializing machine ID from random generator.
[    6.722678] systemd[1]: Installed transient /etc/machine-id file.
[    6.992931] systemd[1]: Reached target User and Group Name Lookups.
[[0;32m  OK  [0m] Reached target User and Group Name Lookups.
[    6.994342] systemd[1]: Reached target Swap.
[[0;32m  OK  [0m] Reached target Swap.
[    6.995399] systemd[1]: Set up automount Arbitrary Executable File Formats File System Automount Point.
[[0;32m  OK  [0m] Set up automount Arbitrary Executab…rmats File System Automount Point.
[    6.997280] systemd[1]: Reached target System Time Synchronized.
[[0;32m  OK  [0m] Reached target System Time Synchronized.
[[0;32m  OK  [0m] Created slice User and Session Slice.
[[0;32m  OK  [0m] Created slice System Slice.
[[0;32m  OK  [0m] Listening on Journal Socket.
[[0;32m  OK  [0m] Listening on Journal Audit Socket.
[[0;32m  OK  [0m] Listening on fsck to fsckd communication Socket.
         Starting Uncomplicated firewall...
         Mounting Huge Pages File System...
[[0;32m  OK  [0m] Listening on LVM2 metadata daemon socket.
[[0;32m  OK  [0m] Listening on LVM2 poll daemon socket.
[[0;32m  OK  [0m] Listening on /dev/initctl Compatibility Named Pipe.
[[0;32m  OK  [0m] Created slice system-serial\x2dgetty.slice.
[[0;32m  OK  [0m] Listening on Device-mapper event daemon FIFOs.
         Starting Monitoring of LVM2 mirrors…ng dmeventd or progress polling...
[[0;32m  OK  [0m] Listening on Network Service Netlink Socket.
         Starting Load Kernel Modules...
[[0;32m  OK  [0m] Reached target Slices.
         Mounting Kernel Debug File System...
[[0;32m  OK  [0m] Listening on udev Kernel Socket.
         Starting Create list of required st…ce nodes for the current kernel...
         Starting File System Check on Root Device...
[[0;32m  OK  [0m] Started Forward Password Requests to Wall Directory Watch.
[[0;32m  OK  [0m] Listening on Syslog Socket.
         Mounting POSIX Message Queue File System...
[[0;32m  OK  [0m] Listening on udev Control Socket.
         Starting udev Coldplug all Devices...
         Starting Set the console keyboard layout...
[[0;32m  OK  [0m] Listening on Journal Socket (/dev/log).
         Starting Journal Service...
[[0;32m  OK  [0m] Started Uncomplicated firewall.
[[0;32m  OK  [0m] Mounted Huge Pages File System.
[[0;32m  OK  [0m] Mounted Kernel Debug File System.
[[0;32m  OK  [0m] Mounted POSIX Message Queue File System.
[[0;32m  OK  [0m] Started LVM2 metadata daemon.
[    7.089323] Loading iSCSI transport class v2.0-870.
[    7.094489] iscsi: registered transport (tcp)
[    7.108737] iscsi: registered transport (iser)
[[0;32m  OK  [0m] Started Load Kernel Modules.
         Starting Apply Kernel Variables...
         Mounting FUSE Control File System...
         Mounting Kernel Configuration File System...
[[0;32m  OK  [0m] Started Create list of required sta…vice nodes for the current kernel.
[[0;32m  OK  [0m] Mounted FUSE Control File System.
[[0;32m  OK  [0m] Mounted Kernel Configuration File System.
[[0;32m  OK  [0m] Started File System Check Daemon to report status.
         Starting Create Static Device Nodes in /dev...
[[0;32m  OK  [0m] Started udev Coldplug all Devices.
[[0;32m  OK  [0m] Started Journal Service.
[[0;32m  OK  [0m] Started File System Check on Root Device.
         Starting Remount Root and Kernel File Systems...
[[0;32m  OK  [0m] Started Monitoring of LVM2 mirrors,…sing dmeventd or progress polling.
[[0;32m  OK  [0m] Started Apply Kernel Variables.
[[0;32m  OK  [0m] Started Create Static Device Nodes in /dev.
[[0;32m  OK  [0m] Started Remount Root and Kernel File Systems.
         Starting udev Kernel Device Manager...
         Starting Load/Save Random Seed...
         Starting Flush Journal to Persistent Storage...
[[0;32m  OK  [0m] Started Load/Save Random Seed.
[[0;32m  OK  [0m] Started udev Kernel Device Manager.
[[0;32m  OK  [0m] Started Flush Journal to Persistent Storage.
[[0;32m  OK  [0m] Found device /dev/ttyS0.
[[0;32m  OK  [0m] Listening on Load/Save RF Kill Switch Status /dev/rfkill Watch.
         Mounting Arbitrary Executable File Formats File System...
[[0;32m  OK  [0m] Mounted Arbitrary Executable File Formats File System.
[[0;32m  OK  [0m] Started Set the console keyboard layout.
[[0;32m  OK  [0m] Reached target Local File Systems (Pre).
[[0;32m  OK  [0m] Reached target Local File Systems.
         Starting Tell Plymouth To Write Out Runtime Data...
         Starting AppArmor initialization...
         Starting Commit a transient machine-id on disk...
         Starting ebtables ruleset management...
         Starting Set console font and keymap...
         Starting Create Volatile Files and Directories...
[[0;32m  OK  [0m] Started Dispatch Password Requests to Console Directory Watch.
[[0;32m  OK  [0m] Reached target Local Encrypted Volumes.
[[0;32m  OK  [0m] Started Tell Plymouth To Write Out Runtime Data.
[[0;32m  OK  [0m] Started Create Volatile Files and Directories.
         Starting Update UTMP about System Boot/Shutdown...
[[0;32m  OK  [0m] Started Update UTMP about System Boot/Shutdown.
[[0;32m  OK  [0m] Started ebtables ruleset management.
[[0;32m  OK  [0m] Started Commit a transient machine-id on disk.
[[0;32m  OK  [0m] Started AppArmor initialization.
         Starting Initial cloud-init job (pre-networking)...
         Starting Load AppArmor profiles managed internally by snapd...
[[0;32m  OK  [0m] Started Load AppArmor profiles managed internally by snapd.
[[0;32m  OK  [0m] Started Set console font and keymap.
[   10.243492] cloud-init[737]: Cloud-init v. 22.4.2-0ubuntu0~18.04.1 running 'init-local' at Thu, 19 Jan 2023 12:55:47 +0000. Up 8.98 seconds.
[[0;32m  OK  [0m] Started Initial cloud-init job (pre-networking).
[[0;32m  OK  [0m] Reached target Network (Pre).
         Starting Network Service...
[[0;32m  OK  [0m] Started Network Service.
         Starting Network Name Resolution...
         Starting Wait for Network to be Configured...
[[0;32m  OK  [0m] Started Network Name Resolution.
[[0;32m  OK  [0m] Reached target Host and Network Name Lookups.
[[0;32m  OK  [0m] Reached target Network.
[[0;32m  OK  [0m] Started Wait for Network to be Configured.
         Starting Initial cloud-init job (metadata service crawler)...
[   12.534337] cloud-init[1060]: Cloud-init v. 22.4.2-0ubuntu0~18.04.1 running 'init' at Thu, 19 Jan 2023 12:55:51 +0000. Up 12.43 seconds.
[   12.535497] cloud-init[1060]: ci-info: ++++++++++++++++++++++++++++++++++++++Net device info+++++++++++++++++++++++++++++++++++++++
[   12.536488] cloud-init[1060]: ci-info: +--------+-------+----------------------------+---------------+--------+-------------------+
[   12.537437] cloud-init[1060]: ci-info: | Device |   Up  |          Address           |      Mask     | Scope  |     Hw-Address    |
[   12.538377] cloud-init[1060]: ci-info: +--------+-------+----------------------------+---------------+--------+-------------------+
[   12.539298] cloud-init[1060]: ci-info: | enp0s3 |  True |         10.0.2.15          | 255.255.255.0 | global | 02:40:49:ac:f0:20 |
[   12.540252] cloud-init[1060]: ci-info: | enp0s3 |  True | fe80::40:49ff:feac:f020/64 |       .       |  link  | 02:40:49:ac:f0:20 |
[   12.541219] cloud-init[1060]: ci-info: | enp0s8 | False |             .              |       .       |   .    | 08:00:27:9c:f8:2a |
[   12.542185] cloud-init[1060]: ci-info: |   lo   |  True |         127.0.0.1          |   255.0.0.0   |  host  |         .         |
[   12.543144] cloud-init[1060]: ci-info: |   lo   |  True |          ::1/128           |       .       |  host  |         .         |
[   12.544130] cloud-init[1060]: ci-info: +--------+-------+----------------------------+---------------+--------+-------------------+
[   12.545067] cloud-init[1060]: ci-info: ++++++++++++++++++++++++++++Route IPv4 info+++++++++++++++++++++++++++++
[   12.545912] cloud-init[1060]: ci-info: +-------+-------------+----------+-----------------+-----------+-------+
[   12.546756] cloud-init[1060]: ci-info: | Route | Destination | Gateway  |     Genmask     | Interface | Flags |
[   12.547582] cloud-init[1060]: ci-info: +-------+-------------+----------+-----------------+-----------+-------+
[   12.548616] cloud-init[1060]: ci-info: |   0   |   0.0.0.0   | 10.0.2.2 |     0.0.0.0     |   enp0s3  |   UG  |
[   12.549681] cloud-init[1060]: ci-info: |   1   |   10.0.2.0  | 0.0.0.0  |  255.255.255.0  |   enp0s3  |   U   |
[   12.550719] cloud-init[1060]: ci-info: |   2   |   10.0.2.2  | 0.0.0.0  | 255.255.255.255 |   enp0s3  |   UH  |
[   12.551662] cloud-init[1060]: ci-info: +-------+-------------+----------+-----------------+-----------+-------+
[   12.552691] cloud-init[1060]: ci-info: +++++++++++++++++++Route IPv6 info+++++++++++++++++++
[   12.553573] cloud-init[1060]: ci-info: +-------+-------------+---------+-----------+-------+
[   12.554467] cloud-init[1060]: ci-info: | Route | Destination | Gateway | Interface | Flags |
[   12.555277] cloud-init[1060]: ci-info: +-------+-------------+---------+-----------+-------+
[   12.556207] cloud-init[1060]: ci-info: |   1   |  fe80::/64  |    ::   |   enp0s3  |   U   |
[   12.557085] cloud-init[1060]: ci-info: |   3   |    local    |    ::   |   enp0s3  |   U   |
[   12.557944] cloud-init[1060]: ci-info: |   4   |   ff00::/8  |    ::   |   enp0s3  |   U   |
[   12.558779] cloud-init[1060]: ci-info: +-------+-------------+---------+-----------+-------+
[   13.248818] cloud-init[1060]: Generating public/private rsa key pair.
[   13.249437] cloud-init[1060]: Your identification has been saved in /etc/ssh/ssh_host_rsa_key.
[   13.250184] cloud-init[1060]: Your public key has been saved in /etc/ssh/ssh_host_rsa_key.pub.
[   13.250863] cloud-init[1060]: The key fingerprint is:
[   13.251313] cloud-init[1060]: SHA256:un/SAexy5AZJ8NrRacwZNQiUkjBlNRa59rCwxVbgx6o root@ubuntu-bionic
[   13.252124] cloud-init[1060]: The key's randomart image is:
[   13.252626] cloud-init[1060]: +---[RSA 2048]----+
[   13.253076] cloud-init[1060]: |  oo+=O*.oo      |
[   13.253521] cloud-init[1060]: |   oo++*o+ .     |
[   13.253955] cloud-init[1060]: |     ++=X        |
[   13.254389] cloud-init[1060]: |    .oX=+        |
[   13.254826] cloud-init[1060]: |    .*oOS.       |
[   13.255261] cloud-init[1060]: |    ..o.* .      |
[   13.255700] cloud-init[1060]: |    E .+ . .     |
[   13.256166] cloud-init[1060]: |       .. o      |
[   13.256605] cloud-init[1060]: |      ...o       |
[   13.257054] cloud-init[1060]: +----[SHA256]-----+
[   13.257493] cloud-init[1060]: Generating public/private dsa key pair.
[   13.258063] cloud-init[1060]: Your identification has been saved in /etc/ssh/ssh_host_dsa_key.
[   13.258795] cloud-init[1060]: Your public key has been saved in /etc/ssh/ssh_host_dsa_key.pub.
[   13.259533] cloud-init[1060]: The key fingerprint is:
[   13.259986] cloud-init[1060]: SHA256:2X//ffjJoAAmCA2/smFG0I9lwdPkHuweBrhmCW3jWmI root@ubuntu-bionic
[   13.260897] cloud-init[1060]: The key's randomart image is:
[   13.261393] cloud-init[1060]: +---[DSA 1024]----+
[   13.261843] cloud-init[1060]: |.o ..+.          |
[   13.262278] cloud-init[1060]: |..=.=o.          |
[   13.262707] cloud-init[1060]: |.o=B..+          |
[   13.263134] cloud-init[1060]: |.+o+++ . o       |
[   13.263574] cloud-init[1060]: |.EBo .=oS .      |
[   13.264047] cloud-init[1060]: |+*+  oo..  .     |
[   13.264492] cloud-init[1060]: |..    .  .  .... |
[   13.264941] cloud-init[1060]: |          . ..+.+|
[   13.265383] cloud-init[1060]: |           .   +B|
[   13.265819] cloud-init[1060]: +----[SHA256]-----+
[   13.266246] cloud-init[1060]: Generating public/private ecdsa key pair.
[   13.266812] cloud-init[1060]: Your identification has been saved in /etc/ssh/ssh_host_ecdsa_key.
[   13.267578] cloud-init[1060]: Your public key has been saved in /etc/ssh/ssh_host_ecdsa_key.pub.
[   13.268372] cloud-init[1060]: The key fingerprint is:
[   13.268846] cloud-init[1060]: SHA256:jFySkKTqUnF91MWGcggjU2hoLzVd4kbrIVJ8XG58aJI root@ubuntu-bionic
[   13.269668] cloud-init[1060]: The key's randomart image is:
[   13.270149] cloud-init[1060]: +---[ECDSA 256]---+
[   13.270600] cloud-init[1060]: |   +***++o +.    |
[   13.271030] cloud-init[1060]: |  ooBB+Xo.+ o    |
[   13.271447] cloud-init[1060]: | .++ooE Oo..     |
[   13.271882] cloud-init[1060]: | ..+.= @ .       |
[   13.272364] cloud-init[1060]: |. ..  + S        |
[   13.272808] cloud-init[1060]: |..               |
[   13.273245] cloud-init[1060]: |..               |
[   13.273678] cloud-init[1060]: |.                |
[   13.274108] cloud-init[1060]: |                 |
[   13.274547] cloud-init[1060]: +----[SHA256]-----+
[   13.274985] cloud-init[1060]: Generating public/private ed25519 key pair.
[   13.275581] cloud-init[1060]: Your identification has been saved in /etc/ssh/ssh_host_ed25519_key.
[   13.276368] cloud-init[1060]: Your public key has been saved in /etc/ssh/ssh_host_ed25519_key.pub.
[   13.277195] cloud-init[1060]: The key fingerprint is:
[   13.277724] cloud-init[1060]: SHA256:ad2SBkihr29njaiOqC05ycUIsrdWrTn9iBEybgM+in0 root@ubuntu-bionic
[   13.278609] cloud-init[1060]: The key's randomart image is:
[   13.279174] cloud-init[1060]: +--[ED25519 256]--+
[   13.279690] cloud-init[1060]: |      o.         |
[   13.280196] cloud-init[1060]: |     o .         |
[   13.280702] cloud-init[1060]: |    . . .        |
[   13.281182] cloud-init[1060]: |o    .   + o     |
[   13.281620] cloud-init[1060]: |+.= ... S = .    |
[   13.282059] cloud-init[1060]: |o+.=.o.. . .     |
[   13.282492] cloud-init[1060]: |.*=oo+ . o       |
[   13.282926] cloud-init[1060]: |B*+oE++.+ .      |
[   13.283384] cloud-init[1060]: |*++o++o+.        |
[   13.283823] cloud-init[1060]: +----[SHA256]-----+
[[0;32m  OK  [0m] Started Initial cloud-init job (metadata service crawler).
[[0;32m  OK  [0m] Reached target Cloud-config availability.
[[0;32m  OK  [0m] Reached target System Initialization.
         Starting Socket activation for snappy daemon.
[[0;32m  OK  [0m] Listening on ACPID Listen Socket.
[[0;32m  OK  [0m] Started Message of the Day.
[[0;32m  OK  [0m] Started ACPI Events Check.
[[0;32m  OK  [0m] Listening on UUID daemon activation socket.
[[0;32m  OK  [0m] Started Discard unused blocks once a week.
         Starting LXD - unix socket.
[[0;32m  OK  [0m] Started Daily Cleanup of Temporary Directories.
[[0;32m  OK  [0m] Listening on D-Bus System Message Bus Socket.
[[0;32m  OK  [0m] Started Ubuntu Advantage Timer for running repeated jobs.
[[0;32m  OK  [0m] Listening on cloud-init hotplug hook socket.
[[0;32m  OK  [0m] Started Daily apt download activities.
[[0;32m  OK  [0m] Started Daily apt upgrade and clean activities.
[[0;32m  OK  [0m] Reached target Timers.
[[0;32m  OK  [0m] Reached target Paths.
[[0;32m  OK  [0m] Listening on Open-iSCSI iscsid Socket.
[[0;32m  OK  [0m] Reached target Network is Online.
[[0;32m  OK  [0m] Reached target Remote File Systems (Pre).
[[0;32m  OK  [0m] Reached target Remote File Systems.
         Starting Availability of block devices...
[[0;32m  OK  [0m] Listening on Socket activation for snappy daemon.
[[0;32m  OK  [0m] Listening on LXD - unix socket.
[[0;32m  OK  [0m] Reached target Sockets.
[[0;32m  OK  [0m] Reached target Basic System.
[[0;32m  OK  [0m] Started Regular background program processing daemon.
         Starting Accounts Service...
         Starting Login Service...
         Starting LXD - container startup/shutdown...
         Starting LSB: Record successful boot for GRUB...
         Starting System Logging Service...
[[0;32m  OK  [0m] Reached target Login Prompts (Pre).
         Starting Dispatcher daemon for systemd-networkd...
[[0;32m  OK  [0m] Started FUSE filesystem for LXC.
[[0;32m  OK  [0m] Started irqbalance daemon.
         Starting Permit User Sessions...
         Starting Pollinate to seed the pseudo random number generator...
[[0;32m  OK  [0m] Started Deferred execution scheduler.
[[0;32m  OK  [0m] Started D-Bus System Message Bus.
[[0;32m  OK  [0m] Started Login Service.
[[0;32m  OK  [0m] Started Unattended Upgrades Shutdown.
         Starting Virtualbox guest utils...
         Starting LSB: automatic crash report generation...
         Starting Snap Daemon...
[[0;32m  OK  [0m] Started System Logging Service.
[[0;32m  OK  [0m] Started Availability of block devices.
[[0;32m  OK  [0m] Started LXD - container startup/shutdown.
[[0;32m  OK  [0m] Started Permit User Sessions.
         Starting Terminate Plymouth Boot Screen...
         Starting Hold until boot process finishes up...
[[0;32m  OK  [0m] Started Hold until boot process finishes up.
         Starting Set console scheme...
[[0;32m  OK  [0m] Started Serial Getty on ttyS0.
[[0;32m  OK  [0m] Started Terminate Plymouth Boot Screen.
[[0;32m  OK  [0m] Started LSB: automatic crash report generation.
[[0;32m  OK  [0m] Started Set console scheme.
[[0;32m  OK  [0m] Created slice system-getty.slice.
[[0;32m  OK  [0m] Started Getty on tty1.
[[0;32m  OK  [0m] Reached target Login Prompts.
         Starting Authorization Manager...
[[0;32m  OK  [0m] Started Virtualbox guest utils.
[[0;32m  OK  [0m] Started LSB: Record successful boot for GRUB.
[[0;32m  OK  [0m] Started Authorization Manager.
[[0;32m  OK  [0m] Started Accounts Service.
[[0;32m  OK  [0m] Started Dispatcher daemon for systemd-networkd.
[[0;32m  OK  [0m] Started Snap Daemon.
         Starting Wait until snapd is fully seeded...
         Starting Time & Date Service...
[[0;32m  OK  [0m] Started Pollinate to seed the pseudo random number generator.
         Starting OpenBSD Secure Shell server...
[[0;32m  OK  [0m] Started Time & Date Service.
[[0;32m  OK  [0m] Started OpenBSD Secure Shell server.
[[0;32m  OK  [0m] Created slice User Slice of vagrant.
         Starting User Manager for UID 1000...
[[0;32m  OK  [0m] Started Session 1 of user vagrant.
[[0;32m  OK  [0m] Started User Manager for UID 1000.
[[0;32m  OK  [0m] Started Wait until snapd is fully seeded.
         Starting Apply the settings specified in cloud-config...
[   16.064157] cloud-init[1711]: Cloud-init v. 22.4.2-0ubuntu0~18.04.1 running 'modules:config' at Thu, 19 Jan 2023 12:55:54 +0000. Up 15.64 seconds.
[[0;32m  OK  [0m] Started Apply the settings specified in cloud-config.
[[0;32m  OK  [0m] Reached target Multi-User System.
[[0;32m  OK  [0m] Reached target Graphical Interface.
         Starting Update UTMP about System Runlevel Changes...
         Starting Execute cloud user/final scripts...
[[0;32m  OK  [0m] Started Update UTMP about System Runlevel Changes.
ci-info: no authorized SSH keys fingerprints found for user ubuntu.
<14>Jan 19 12:55:55 cloud-init: #############################################################
<14>Jan 19 12:55:55 cloud-init: -----BEGIN SSH HOST KEY FINGERPRINTS-----
<14>Jan 19 12:55:55 cloud-init: 1024 SHA256:2X//ffjJoAAmCA2/smFG0I9lwdPkHuweBrhmCW3jWmI root@ubuntu-bionic (DSA)
<14>Jan 19 12:55:55 cloud-init: 256 SHA256:jFySkKTqUnF91MWGcggjU2hoLzVd4kbrIVJ8XG58aJI root@ubuntu-bionic (ECDSA)
<14>Jan 19 12:55:55 cloud-init: 256 SHA256:ad2SBkihr29njaiOqC05ycUIsrdWrTn9iBEybgM+in0 root@ubuntu-bionic (ED25519)
<14>Jan 19 12:55:55 cloud-init: 2048 SHA256:un/SAexy5AZJ8NrRacwZNQiUkjBlNRa59rCwxVbgx6o root@ubuntu-bionic (RSA)
<14>Jan 19 12:55:55 cloud-init: -----END SSH HOST KEY FINGERPRINTS-----
<14>Jan 19 12:55:55 cloud-init: #############################################################
-----BEGIN SSH HOST KEY KEYS-----
ecdsa-sha2-nistp256 AAAAE2VjZHNhLXNoYTItbmlzdHAyNTYAAAAIbmlzdHAyNTYAAABBBKyQxVkx5Z5c7kYEqgfk7605jCh//7kR4I7RTy97ddIg6rxI4PazVuWg9m0+4g4UMNJfQqwvF54lSKaUEl30ryE= root@ubuntu-bionic
ssh-ed25519 AAAAC3NzaC1lZDI1NTE5AAAAIIYfEEbctyAqQ6VHZz2Yr2gyMko2K/jTt0iWgbNNRgRB root@ubuntu-bionic
ssh-rsa AAAAB3NzaC1yc2EAAAADAQABAAABAQDxeyi9zZyaTDK9r9OC71jyzW+3+cBL6oCTDXPH7yViagrI56j5UZtBKFserndw+a3ZLwA1HknemRgdCq9o9hVZDlqr+H37NZSe7iaw6JaPLW1p3uhTjhkgYeM2Szb53BVZWc9UEaF7xuTD1wAuxxumCizKTHejQb8Mj3/OMVryhgDdTXsy8JALElFDzYDGZwYCatG4Z3DMygMRQvJZSkh9jePiIOKFpueX3bkxRy/XO0MagP71kzvlUQljI8+D7rPNfbAL4FEH080h50U6azxHL0gJq4693WIAM9uDbwRX7QVZVXY2Si6y1x7vGtAygJ1/8ISxHiZIKInrpZtb88Yr root@ubuntu-bionic
-----END SSH HOST KEY KEYS-----
[   16.513194] cloud-init[1819]: Cloud-init v. 22.4.2-0ubuntu0~18.04.1 running 'modules:final' at Thu, 19 Jan 2023 12:55:55 +0000. Up 16.39 seconds.
[   16.514375] cloud-init[1819]: Cloud-init v. 22.4.2-0ubuntu0~18.04.1 finished at Thu, 19 Jan 2023 12:55:55 +0000. Datasource DataSourceNoCloud [seed=/dev/sdb][dsmode=net].  Up 16.50 seconds
[[0;32m  OK  [0m] Started Execute cloud user/final scripts.
[[0;32m  OK  [0m] Reached target Cloud-init target.

Ubuntu 18.04.6 LTS ubuntu-bionic ttyS0

ubuntu-bionic login: 